# JRE version: OpenJDK Runtime Environment (8.0_191-b12) (build 1.8.0_191-8u191-b12-2ubuntu0.16.04.1-b12)
# Java VM: OpenJDK 64-Bit Server VM (25.191-b12 mixed mode linux-amd64 compressed oops)
Heap:
 PSYoungGen      total 835584K, used 820908K [0x0000000715580000, 0x000000074bf80000, 0x00000007c0000000)
  eden space 778240K, 100% used [0x0000000715580000,0x0000000744d80000,0x0000000744d80000)
  from space 57344K, 74% used [0x0000000748780000,0x000000074b12b0c0,0x000000074bf80000)
  to   space 58368K, 99% used [0x0000000744d80000,0x000000074867abc8,0x0000000748680000)
 ParOldGen       total 329728K, used 328591K [0x00000005c0000000, 0x00000005d4200000, 0x0000000715580000)
  object space 329728K, 99% used [0x00000005c0000000,0x00000005d40e3e90,0x00000005d4200000)
 Metaspace       used 11669K, capacity 12104K, committed 12416K, reserved 1060864K
  class space    used 1216K, capacity 1332K, committed 1408K, reserved 1048576K
GC Heap History (10 events):
Event: 44.539 GC heap after
Heap after GC invocations=2 (full 0):
 PSYoungGen      total 210432K, used 15860K [0x0000000715580000, 0x0000000723280000, 0x00000007c0000000)
  eden space 194560K, 0% used [0x0000000715580000,0x0000000715580000,0x0000000721380000)
  from space 15872K, 99% used [0x0000000722300000,0x000000072327d158,0x0000000723280000)
  to   space 15872K, 0% used [0x0000000721380000,0x0000000721380000,0x0000000722300000)
 ParOldGen       total 258048K, used 61115K [0x00000005c0000000, 0x00000005cfc00000, 0x0000000715580000)
  object space 258048K, 23% used [0x00000005c0000000,0x00000005c3baeeb0,0x00000005cfc00000)
 Metaspace       used 8440K, capacity 8822K, committed 8960K, reserved 1056768K
  class space    used 900K, capacity 1015K, committed 1024K, reserved 1048576K
}
Event: 44.939 GC heap before
{Heap before GC invocations=3 (full 0):
 PSYoungGen      total 210432K, used 210420K [0x0000000715580000, 0x0000000723280000, 0x00000007c0000000)
  eden space 194560K, 100% used [0x0000000715580000,0x0000000721380000,0x0000000721380000)
  from space 15872K, 99% used [0x0000000722300000,0x000000072327d158,0x0000000723280000)
  to   space 15872K, 0% used [0x0000000721380000,0x0000000721380000,0x0000000722300000)
 ParOldGen       total 258048K, used 61115K [0x00000005c0000000, 0x00000005cfc00000, 0x0000000715580000)
  object space 258048K, 23% used [0x00000005c0000000,0x00000005c3baeeb0,0x00000005cfc00000)
 Metaspace       used 8449K, capacity 8822K, committed 8960K, reserved 1056768K
  class space    used 900K, capacity 1015K, committed 1024K, reserved 1048576K
Event: 44.978 GC heap after
Heap after GC invocations=3 (full 0):
 PSYoungGen      total 210432K, used 15860K [0x0000000715580000, 0x000000072f080000, 0x00000007c0000000)
  eden space 194560K, 0% used [0x0000000715580000,0x0000000715580000,0x0000000721380000)
  from space 15872K, 99% used [0x0000000721380000,0x00000007222fd158,0x0000000722300000)
  to   space 15872K, 0% used [0x000000072e100000,0x000000072e100000,0x000000072f080000)
 ParOldGen       total 258048K, used 74307K [0x00000005c0000000, 0x00000005cfc00000, 0x0000000715580000)
  object space 258048K, 28% used [0x00000005c0000000,0x00000005c4890eb0,0x00000005cfc00000)
 Metaspace       used 8449K, capacity 8822K, committed 8960K, reserved 1056768K
  class space    used 900K, capacity 1015K, committed 1024K, reserved 1048576K
}
Event: 45.256 GC heap before
{Heap before GC invocations=4 (full 0):
 PSYoungGen      total 210432K, used 210420K [0x0000000715580000, 0x000000072f080000, 0x00000007c0000000)
  eden space 194560K, 100% used [0x0000000715580000,0x0000000721380000,0x0000000721380000)
  from space 15872K, 99% used [0x0000000721380000,0x00000007222fd158,0x0000000722300000)
  to   space 15872K, 0% used [0x000000072e100000,0x000000072e100000,0x000000072f080000)
 ParOldGen       total 258048K, used 74307K [0x00000005c0000000, 0x00000005cfc00000, 0x0000000715580000)
  object space 258048K, 28% used [0x00000005c0000000,0x00000005c4890eb0,0x00000005cfc00000)
 Metaspace       used 8449K, capacity 8822K, committed 8960K, reserved 1056768K
  class space    used 900K, capacity 1015K, committed 1024K, reserved 1048576K
Event: 45.286 GC heap after
Heap after GC invocations=4 (full 0):
 PSYoungGen      total 404992K, used 15860K [0x0000000715580000, 0x000000072f080000, 0x00000007c0000000)
  eden space 389120K, 0% used [0x0000000715580000,0x0000000715580000,0x000000072d180000)
  from space 15872K, 99% used [0x000000072e100000,0x000000072f07d158,0x000000072f080000)
  to   space 15872K, 0% used [0x000000072d180000,0x000000072d180000,0x000000072e100000)
 ParOldGen       total 258048K, used 87707K [0x00000005c0000000, 0x00000005cfc00000, 0x0000000715580000)
  object space 258048K, 33% used [0x00000005c0000000,0x00000005c55a6eb0,0x00000005cfc00000)
 Metaspace       used 8449K, capacity 8822K, committed 8960K, reserved 1056768K
  class space    used 900K, capacity 1015K, committed 1024K, reserved 1048576K
}
Event: 45.928 GC heap before
{Heap before GC invocations=5 (full 0):
 PSYoungGen      total 404992K, used 404980K [0x0000000715580000, 0x000000072f080000, 0x00000007c0000000)
  eden space 389120K, 100% used [0x0000000715580000,0x000000072d180000,0x000000072d180000)
  from space 15872K, 99% used [0x000000072e100000,0x000000072f07d158,0x000000072f080000)
  to   space 15872K, 0% used [0x000000072d180000,0x000000072d180000,0x000000072e100000)
 ParOldGen       total 258048K, used 87707K [0x00000005c0000000, 0x00000005cfc00000, 0x0000000715580000)
  object space 258048K, 33% used [0x00000005c0000000,0x00000005c55a6eb0,0x00000005cfc00000)
 Metaspace       used 8454K, capacity 8822K, committed 8960K, reserved 1056768K
  class space    used 900K, capacity 1015K, committed 1024K, reserved 1048576K
Event: 45.965 GC heap after
Heap after GC invocations=5 (full 0):
 PSYoungGen      total 404992K, used 15860K [0x0000000715580000, 0x000000074c180000, 0x00000007c0000000)
  eden space 389120K, 0% used [0x0000000715580000,0x0000000715580000,0x000000072d180000)
  from space 15872K, 99% used [0x000000072d180000,0x000000072e0fd158,0x000000072e100000)
  to   space 59392K, 0% used [0x0000000748780000,0x0000000748780000,0x000000074c180000)
 ParOldGen       total 258048K, used 114523K [0x00000005c0000000, 0x00000005cfc00000, 0x0000000715580000)
  object space 258048K, 44% used [0x00000005c0000000,0x00000005c6fd6eb0,0x00000005cfc00000)
 Metaspace       used 8454K, capacity 8822K, committed 8960K, reserved 1056768K
  class space    used 900K, capacity 1015K, committed 1024K, reserved 1048576K
}
Event: 46.489 GC heap before
{Heap before GC invocations=6 (full 0):
 PSYoungGen      total 404992K, used 404980K [0x0000000715580000, 0x000000074c180000, 0x00000007c0000000)
  eden space 389120K, 100% used [0x0000000715580000,0x000000072d180000,0x000000072d180000)
  from space 15872K, 99% used [0x000000072d180000,0x000000072e0fd158,0x000000072e100000)
  to   space 59392K, 0% used [0x0000000748780000,0x0000000748780000,0x000000074c180000)
 ParOldGen       total 258048K, used 114523K [0x00000005c0000000, 0x00000005cfc00000, 0x0000000715580000)
  object space 258048K, 44% used [0x00000005c0000000,0x00000005c6fd6eb0,0x00000005cfc00000)
 Metaspace       used 8454K, capacity 8822K, committed 8960K, reserved 1056768K
  class space    used 900K, capacity 1015K, committed 1024K, reserved 1048576K
Event: 46.522 GC heap after
Heap after GC invocations=6 (full 0):
 PSYoungGen      total 835584K, used 42668K [0x0000000715580000, 0x000000074bf80000, 0x00000007c0000000)
  eden space 778240K, 0% used [0x0000000715580000,0x0000000715580000,0x0000000744d80000)
  from space 57344K, 74% used [0x0000000748780000,0x000000074b12b0c0,0x000000074bf80000)
  to   space 58368K, 0% used [0x0000000744d80000,0x0000000744d80000,0x0000000748680000)
 ParOldGen       total 258048K, used 114659K [0x00000005c0000000, 0x00000005cfc00000, 0x0000000715580000)
  object space 258048K, 44% used [0x00000005c0000000,0x00000005c6ff8ec0,0x00000005cfc00000)
 Metaspace       used 8454K, capacity 8822K, committed 8960K, reserved 1056768K
  class space    used 900K, capacity 1015K, committed 1024K, reserved 1048576K
}
Event: 52.371 GC heap before
{Heap before GC invocations=7 (full 0):
 PSYoungGen      total 835584K, used 820908K [0x0000000715580000, 0x000000074bf80000, 0x00000007c0000000)
  eden space 778240K, 100% used [0x0000000715580000,0x0000000744d80000,0x0000000744d80000)
  from space 57344K, 74% used [0x0000000748780000,0x000000074b12b0c0,0x000000074bf80000)
  to   space 58368K, 0% used [0x0000000744d80000,0x0000000744d80000,0x0000000748680000)
 ParOldGen       total 258048K, used 114659K [0x00000005c0000000, 0x00000005cfc00000, 0x0000000715580000)
  object space 258048K, 44% used [0x00000005c0000000,0x00000005c6ff8ec0,0x00000005cfc00000)
 Metaspace       used 11669K, capacity 12104K, committed 12416K, reserved 1060864K
  class space    used 1216K, capacity 1332K, committed 1408K, reserved 1048576K

